<project xmlns="http://maven.apache.org/POM/4.0.0" xmlns:xsi="http://www.w3.org/2001/XMLSchema-instance"
	xsi:schemaLocation="http://maven.apache.org/POM/4.0.0 http://maven.apache.org/xsd/maven-4.0.0.xsd">
	<modelVersion>4.0.0</modelVersion>
	<groupId>com.ericsson.research.trap</groupId>
	<artifactId>trap-indexer-test1</artifactId>
	<version>1.1.6-SNAPSHOT</version>
	<name>TrAP API</name>
	<build>
		<plugins>
			<plugin>
				<groupId>com.ericsson.research.trap</groupId>
				<artifactId>trap-index-maven-plugin</artifactId>
				<version>1.1.6-SNAPSHOT</version>
				<configuration>
					<packages>
						<package>com.ericsson</package>
					</packages>
				</configuration>
				<executions>
					<execution>
						<id>default-descriptor</id>
						<goals>
							<goal>trapindex</goal>
						</goals>
						<phase>generate-resources</phase>
					</execution>
				</executions>
			</plugin>
		</plugins>
	</build>
	<dependencies>
		<dependency>
			<groupId>com.ericsson.research.trap</groupId>
			<artifactId>trap-api</artifactId>
			<version>1.1.5</version>
		</dependency>
	</dependencies>

	<repositories>
		<repository>
			<id>trap-releases</id>
			<url>http://www.cf.ericsson.net/nexus/content/repositories/trap-releases</url>
			<releases>
				<enabled>true</enabled>
				<updatePolicy>never</updatePolicy>
				<checksumPolicy>warn</checksumPolicy>
			</releases>
			<snapshots>
				<enabled>false</enabled>
				<updatePolicy>daily</updatePolicy>
				<checksumPolicy>warn</checksumPolicy>
			</snapshots>
		</repository>
		<repository>
			<id>trap-snapshots</id>
			<url>http://www.cf.ericsson.net/nexus/content/repositories/trap-snapshots</url>
			<releases>
				<enabled>false</enabled>
				<updatePolicy>never</updatePolicy>
				<checksumPolicy>warn</checksumPolicy>
			</releases>
			<snapshots>
				<enabled>true</enabled>
				<updatePolicy>daily</updatePolicy>
				<checksumPolicy>warn</checksumPolicy>
			</snapshots>
		</repository>
	</repositories>
</project>
